<?xml version="1.0" encoding="UTF-8"?><testrun name="Runner" project="FirstMac" tests="1" started="1" failures="0" errors="1" ignored="0">
  <testsuite name="runner.Runner" time="56.456">
    <testsuite name="Navigational functionality of Frangrancex TOP PICK FOR YOU category" time="56.456">
      <testcase name="User orders Third product displayed on TOP PICKS FOR YOU category" classname="Navigational functionality of Frangrancex TOP PICK FOR YOU category" time="56.456">
        <error>org.openqa.selenium.InvalidSelectorException: invalid selector: Unable to locate an element with the xpath expression //*[@id=\"CartQuantityAsyncForm\"]/div/div[2]/div[2]/div[3]/div[2]/div[1]/select" because of the following error:
SyntaxError: Failed to execute 'evaluate' on 'Document': The string '//*[@id=\"CartQuantityAsyncForm\"]/div/div[2]/div[2]/div[3]/div[2]/div[1]/select"' is not a valid XPath expression.
  (Session info: chrome=114.0.5735.199)
For documentation on this error, please visit: https://selenium.dev/exceptions/#invalid_selector_exception
Build info: version: '4.7.2', revision: '4d4020c3b7'
System info: os.name: 'Windows 10', os.arch: 'amd64', os.version: '10.0', java.version: '1.8.0_202'
Driver info: org.openqa.selenium.chrome.ChromeDriver
Command: [5ab44af3d84ba6b062f935234f32757e, findElements {using=xpath, value=//*[@id=\"CartQuantityAsyncForm\"]/div/div[2]/div[2]/div[3]/div[2]/div[1]/select"}]
Capabilities {acceptInsecureCerts: false, browserName: chrome, browserVersion: 114.0.5735.199, chrome: {chromedriverVersion: 114.0.5735.90 (386bc09e8f4f..., userDataDir: C:\Users\krdin\AppData\Loca...}, goog:chromeOptions: {debuggerAddress: localhost:49745}, networkConnectionEnabled: false, pageLoadStrategy: normal, platformName: WINDOWS, proxy: Proxy(), se:cdp: ws://localhost:49745/devtoo..., se:cdpVersion: 114.0.5735.199, setWindowRect: true, strictFileInteractability: false, timeouts: {implicit: 0, pageLoad: 300000, script: 30000}, unhandledPromptBehavior: dismiss and notify, webauthn:extension:credBlob: true, webauthn:extension:largeBlob: true, webauthn:extension:minPinLength: true, webauthn:extension:prf: true, webauthn:virtualAuthenticators: true}
Session ID: 5ab44af3d84ba6b062f935234f32757e&#13;
	at sun.reflect.GeneratedConstructorAccessor12.newInstance(Unknown Source)&#13;
	at sun.reflect.DelegatingConstructorAccessorImpl.newInstance(Unknown Source)&#13;
	at java.lang.reflect.Constructor.newInstance(Unknown Source)&#13;
	at org.openqa.selenium.remote.codec.w3c.W3CHttpResponseCodec.createException(W3CHttpResponseCodec.java:200)&#13;
	at org.openqa.selenium.remote.codec.w3c.W3CHttpResponseCodec.decode(W3CHttpResponseCodec.java:133)&#13;
	at org.openqa.selenium.remote.codec.w3c.W3CHttpResponseCodec.decode(W3CHttpResponseCodec.java:53)&#13;
	at org.openqa.selenium.remote.HttpCommandExecutor.execute(HttpCommandExecutor.java:184)&#13;
	at org.openqa.selenium.remote.service.DriverCommandExecutor.invokeExecute(DriverCommandExecutor.java:167)&#13;
	at org.openqa.selenium.remote.service.DriverCommandExecutor.execute(DriverCommandExecutor.java:142)&#13;
	at org.openqa.selenium.remote.RemoteWebDriver.execute(RemoteWebDriver.java:535)&#13;
	at org.openqa.selenium.remote.ElementLocation$ElementFinder$2.findElements(ElementLocation.java:179)&#13;
	at org.openqa.selenium.remote.ElementLocation.findElements(ElementLocation.java:102)&#13;
	at org.openqa.selenium.remote.RemoteWebDriver.findElements(RemoteWebDriver.java:366)&#13;
	at org.openqa.selenium.remote.RemoteWebDriver.findElements(RemoteWebDriver.java:358)&#13;
	at common.Commands.getQuantitylist(Commands.java:125)&#13;
	at stepdefinition.FragranceProductSteps.validate_quantity_is(FragranceProductSteps.java:33)&#13;
	at âœ½.Validate quantity is 1(classpath:features/FragranceX.feature:7)&#13;
&#13;
</error>
      </testcase>
    </testsuite>
  </testsuite>
</testrun>
