<?xml version="1.0" encoding="UTF-8"?><testrun name="Runner" project="FirstMac" tests="1" started="1" failures="0" errors="1" ignored="0">
  <testsuite name="runner.Runner" time="53.012">
    <testsuite name="Navigational functionality of Frangrancex TOP PICK FOR YOU category" time="53.012">
      <testcase name="User orders Third product displayed on TOP PICKS FOR YOU category" classname="Navigational functionality of Frangrancex TOP PICK FOR YOU category" time="53.012">
        <error>org.openqa.selenium.NoSuchWindowException: no such window: target window already closed
from unknown error: web view not found
  (Session info: chrome=114.0.5735.199)
Build info: version: '4.7.2', revision: '4d4020c3b7'
System info: os.name: 'Windows 10', os.arch: 'amd64', os.version: '10.0', java.version: '1.8.0_202'
Driver info: org.openqa.selenium.chrome.ChromeDriver
Command: [8aa3e72d5167321ba9b29d9b658d9ad0, getElementText {id=2B9B4AB4F952F7480AE341A42E270FFD_element_103}]
Capabilities {acceptInsecureCerts: false, browserName: chrome, browserVersion: 114.0.5735.199, chrome: {chromedriverVersion: 114.0.5735.90 (386bc09e8f4f..., userDataDir: C:\Users\krdin\AppData\Loca...}, goog:chromeOptions: {debuggerAddress: localhost:61804}, networkConnectionEnabled: false, pageLoadStrategy: normal, platformName: WINDOWS, proxy: Proxy(), se:cdp: ws://localhost:61804/devtoo..., se:cdpVersion: 114.0.5735.199, setWindowRect: true, strictFileInteractability: false, timeouts: {implicit: 0, pageLoad: 300000, script: 30000}, unhandledPromptBehavior: dismiss and notify, webauthn:extension:credBlob: true, webauthn:extension:largeBlob: true, webauthn:extension:minPinLength: true, webauthn:extension:prf: true, webauthn:virtualAuthenticators: true}
Element: [[ChromeDriver: chrome on WINDOWS (8aa3e72d5167321ba9b29d9b658d9ad0)] -&gt; xpath: /html/body/header/div[2]/div/div[4]/a/div]
Session ID: 8aa3e72d5167321ba9b29d9b658d9ad0&#13;
	at sun.reflect.NativeConstructorAccessorImpl.newInstance0(Native Method)&#13;
	at sun.reflect.NativeConstructorAccessorImpl.newInstance(Unknown Source)&#13;
	at sun.reflect.DelegatingConstructorAccessorImpl.newInstance(Unknown Source)&#13;
	at java.lang.reflect.Constructor.newInstance(Unknown Source)&#13;
	at org.openqa.selenium.remote.codec.w3c.W3CHttpResponseCodec.createException(W3CHttpResponseCodec.java:200)&#13;
	at org.openqa.selenium.remote.codec.w3c.W3CHttpResponseCodec.decode(W3CHttpResponseCodec.java:133)&#13;
	at org.openqa.selenium.remote.codec.w3c.W3CHttpResponseCodec.decode(W3CHttpResponseCodec.java:53)&#13;
	at org.openqa.selenium.remote.HttpCommandExecutor.execute(HttpCommandExecutor.java:184)&#13;
	at org.openqa.selenium.remote.service.DriverCommandExecutor.invokeExecute(DriverCommandExecutor.java:167)&#13;
	at org.openqa.selenium.remote.service.DriverCommandExecutor.execute(DriverCommandExecutor.java:142)&#13;
	at org.openqa.selenium.remote.RemoteWebDriver.execute(RemoteWebDriver.java:535)&#13;
	at org.openqa.selenium.remote.RemoteWebElement.execute(RemoteWebElement.java:257)&#13;
	at org.openqa.selenium.remote.RemoteWebElement.getText(RemoteWebElement.java:207)&#13;
	at common.Commands.validateCheckOutCartCount(Commands.java:122)&#13;
	at common.Commands.validateCheckOutCartCount(Commands.java:125)&#13;
	at common.Commands.validateCheckOutCartCount(Commands.java:125)&#13;
	at stepdefinition.FragranceProductSteps.changes_quantity_to(FragranceProductSteps.java:38)&#13;
	at âœ½.Changes quantity to 5(classpath:features/FragranceX.feature:8)&#13;
&#13;
</error>
      </testcase>
    </testsuite>
  </testsuite>
</testrun>
